20080615 13:25:58 - INFO     - uriopener.py     - 31  - UriHandler initialised
20080615 13:25:59 - DEBUG    - common.py        - 130 - XBMC Information: 
20080615 13:25:59 - DEBUG    - common.py        - 130 - | Version: XBMC pre-2.1
20080615 13:25:59 - DEBUG    - common.py        - 130 - + BuildDate: May  4 2008)
20080615 13:25:59 - DEBUG    - common.py        - 140 - Folder Structure of XOT-Uzg (XOT-Uzg.v3)
20080615 13:25:59 - DEBUG    - common.py        - 140 - | Q:\scripts\XOT-Uzg.v3\\default.tbn
20080615 13:25:59 - DEBUG    - common.py        - 140 - | Q:\scripts\XOT-Uzg.v3\\readme.txt
20080615 13:25:59 - DEBUG    - common.py        - 140 - | Q:\scripts\XOT-Uzg.v3\\scripts.xml
20080615 13:25:59 - DEBUG    - common.py        - 140 - | Q:\scripts\XOT-Uzg.v3\\uzg.old.log
20080615 13:25:59 - DEBUG    - common.py        - 140 - | Q:\scripts\XOT-Uzg.v3\\uzg.log
20080615 13:25:59 - DEBUG    - common.py        - 140 - | Q:\scripts\XOT-Uzg.v3\\default.py
20080615 13:25:59 - DEBUG    - common.py        - 140 - | Q:\scripts\XOT-Uzg.v3\cache\do_wtcc_coronel_preview_brno08.avi_pla.jpg
20080615 13:25:59 - DEBUG    - common.py        - 140 - | Q:\scripts\XOT-Uzg.v3\cache\zo_interview_verstappen.avi_plain.jpg
20080615 13:25:59 - DEBUG    - common.py        - 140 - | Q:\scripts\XOT-Uzg.v3\cache\za_wtcc_kwa_brno08.avi_plain.jpg
20080615 13:25:59 - DEBUG    - common.py        - 140 - | Q:\scripts\XOT-Uzg.v3\cache\vr_a1gp_ferrari_imola.avi_plain.jpg
20080615 13:25:59 - DEBUG    - common.py        - 140 - | Q:\scripts\XOT-Uzg.v3\cache\ma_dutch_power_pack_uitz4_1.avi_plain.jpg
20080615 13:25:59 - DEBUG    - common.py        - 140 - | Q:\scripts\XOT-Uzg.v3\libs\algorithms.py
20080615 13:25:59 - DEBUG    - common.py        - 140 - | Q:\scripts\XOT-Uzg.v3\libs\beautifulsoup.py
20080615 13:25:59 - DEBUG    - common.py        - 140 - | Q:\scripts\XOT-Uzg.v3\libs\chn_class.py
20080615 13:25:59 - DEBUG    - common.py        - 140 - | Q:\scripts\XOT-Uzg.v3\libs\common.py
20080615 13:25:59 - DEBUG    - common.py        - 140 - | Q:\scripts\XOT-Uzg.v3\libs\config.py
20080615 13:25:59 - DEBUG    - common.py        - 140 - | Q:\scripts\XOT-Uzg.v3\libs\contextmenu.py
20080615 13:25:59 - DEBUG    - common.py        - 140 - | Q:\scripts\XOT-Uzg.v3\libs\controls.py
20080615 13:25:59 - DEBUG    - common.py        - 140 - | Q:\scripts\XOT-Uzg.v3\libs\database.py
20080615 13:25:59 - DEBUG    - common.py        - 140 - | Q:\scripts\XOT-Uzg.v3\libs\guicontroller.py
20080615 13:25:59 - DEBUG    - common.py        - 140 - | Q:\scripts\XOT-Uzg.v3\libs\logger.py
20080615 13:25:59 - DEBUG    - common.py        - 140 - | Q:\scripts\XOT-Uzg.v3\libs\plugin.py
20080615 13:25:59 - DEBUG    - common.py        - 140 - | Q:\scripts\XOT-Uzg.v3\libs\progwindow.py
20080615 13:25:59 - DEBUG    - common.py        - 140 - | Q:\scripts\XOT-Uzg.v3\libs\settings.py
20080615 13:25:59 - DEBUG    - common.py        - 140 - | Q:\scripts\XOT-Uzg.v3\libs\update.py
20080615 13:25:59 - DEBUG    - common.py        - 140 - | Q:\scripts\XOT-Uzg.v3\libs\updater.py
20080615 13:25:59 - DEBUG    - common.py        - 140 - | Q:\scripts\XOT-Uzg.v3\libs\uriopener.py
20080615 13:25:59 - DEBUG    - common.py        - 140 - | Q:\scripts\XOT-Uzg.v3\libs\pysqlite2\dbapi2.py
20080615 13:25:59 - DEBUG    - common.py        - 140 - | Q:\scripts\XOT-Uzg.v3\libs\pysqlite2\_sqlite.pyd
20080615 13:25:59 - DEBUG    - common.py        - 140 - | Q:\scripts\XOT-Uzg.v3\libs\pysqlite2\_sqlite.so
20080615 13:25:59 - DEBUG    - common.py        - 140 - | Q:\scripts\XOT-Uzg.v3\libs\pysqlite2\__init__.py
20080615 13:25:59 - DEBUG    - common.py        - 140 - | Q:\scripts\XOT-Uzg.v3\channels\123video\123icon.png
20080615 13:25:59 - DEBUG    - common.py        - 140 - | Q:\scripts\XOT-Uzg.v3\channels\123video\123image.png
20080615 13:25:59 - DEBUG    - common.py        - 140 - | Q:\scripts\XOT-Uzg.v3\channels\123video\123large.png
20080615 13:25:59 - DEBUG    - common.py        - 140 - | Q:\scripts\XOT-Uzg.v3\channels\123video\chn_123video.py
20080615 13:25:59 - DEBUG    - common.py        - 140 - | Q:\scripts\XOT-Uzg.v3\channels\dumpert\chn_dumpert.py
20080615 13:25:59 - DEBUG    - common.py        - 140 - | Q:\scripts\XOT-Uzg.v3\channels\dumpert\dumperticon.png
20080615 13:25:59 - DEBUG    - common.py        - 140 - | Q:\scripts\XOT-Uzg.v3\channels\dumpert\dumperticonlarge.png
20080615 13:25:59 - DEBUG    - common.py        - 140 - | Q:\scripts\XOT-Uzg.v3\channels\dumpert\dumpertimage.png
20080615 13:25:59 - DEBUG    - common.py        - 140 - | Q:\scripts\XOT-Uzg.v3\channels\joox\chn_joox.py
20080615 13:25:59 - DEBUG    - common.py        - 140 - | Q:\scripts\XOT-Uzg.v3\channels\joox\jooximage.png
20080615 13:25:59 - DEBUG    - common.py        - 140 - | Q:\scripts\XOT-Uzg.v3\channels\joox\jooxlarge.png
20080615 13:25:59 - DEBUG    - common.py        - 140 - | Q:\scripts\XOT-Uzg.v3\channels\joox\jooxthumb.png
20080615 13:25:59 - DEBUG    - common.py        - 140 - | Q:\scripts\XOT-Uzg.v3\channels\kk\chn_kk.py
20080615 13:25:59 - DEBUG    - common.py        - 140 - | Q:\scripts\XOT-Uzg.v3\channels\kk\kkicon.png
20080615 13:25:59 - DEBUG    - common.py        - 140 - | Q:\scripts\XOT-Uzg.v3\channels\kk\kkimage.png
20080615 13:25:59 - DEBUG    - common.py        - 140 - | Q:\scripts\XOT-Uzg.v3\channels\kk\kklarge.png
20080615 13:25:59 - DEBUG    - common.py        - 140 - | Q:\scripts\XOT-Uzg.v3\channels\lamas\chn_lamas.py
20080615 13:25:59 - DEBUG    - common.py        - 140 - | Q:\scripts\XOT-Uzg.v3\channels\lamas\lamasicon.png
20080615 13:25:59 - DEBUG    - common.py        - 140 - | Q:\scripts\XOT-Uzg.v3\channels\lamas\lamasiconlarge.png
20080615 13:25:59 - DEBUG    - common.py        - 140 - | Q:\scripts\XOT-Uzg.v3\channels\lamas\lamasimage.png
20080615 13:25:59 - DEBUG    - common.py        - 140 - | Q:\scripts\XOT-Uzg.v3\channels\myvideo\chn_myvideo.py
20080615 13:25:59 - DEBUG    - common.py        - 140 - | Q:\scripts\XOT-Uzg.v3\channels\myvideo\myvideoicon.png
20080615 13:25:59 - DEBUG    - common.py        - 140 - | Q:\scripts\XOT-Uzg.v3\channels\myvideo\myvideoimage.png
20080615 13:25:59 - DEBUG    - common.py        - 140 - | Q:\scripts\XOT-Uzg.v3\channels\myvideo\myvideolarge.png
20080615 13:25:59 - DEBUG    - common.py        - 140 - | Q:\scripts\XOT-Uzg.v3\channels\net5\chn_net5.py
20080615 13:25:59 - DEBUG    - common.py        - 140 - | Q:\scripts\XOT-Uzg.v3\channels\net5\net5icon.png
20080615 13:25:59 - DEBUG    - common.py        - 140 - | Q:\scripts\XOT-Uzg.v3\channels\net5\net5image.png
20080615 13:25:59 - DEBUG    - common.py        - 140 - | Q:\scripts\XOT-Uzg.v3\channels\net5\net5large.png
20080615 13:25:59 - DEBUG    - common.py        - 140 - | Q:\scripts\XOT-Uzg.v3\channels\nos\1icon.png
20080615 13:25:59 - DEBUG    - common.py        - 140 - | Q:\scripts\XOT-Uzg.v3\channels\nos\1large.png
20080615 13:25:59 - DEBUG    - common.py        - 140 - | Q:\scripts\XOT-Uzg.v3\channels\nos\2icon.png
20080615 13:25:59 - DEBUG    - common.py        - 140 - | Q:\scripts\XOT-Uzg.v3\channels\nos\2large.png
20080615 13:25:59 - DEBUG    - common.py        - 140 - | Q:\scripts\XOT-Uzg.v3\channels\nos\3icon.png
20080615 13:25:59 - DEBUG    - common.py        - 140 - | Q:\scripts\XOT-Uzg.v3\channels\nos\3large.png
20080615 13:25:59 - DEBUG    - common.py        - 140 - | Q:\scripts\XOT-Uzg.v3\channels\nos\chn_nos.py
20080615 13:25:59 - DEBUG    - common.py        - 140 - | Q:\scripts\XOT-Uzg.v3\channels\nos\nosimage.png
20080615 13:25:59 - DEBUG    - common.py        - 140 - | Q:\scripts\XOT-Uzg.v3\channels\nossearch\chn_nossearch.py
20080615 13:25:59 - DEBUG    - common.py        - 140 - | Q:\scripts\XOT-Uzg.v3\channels\nossearch\nosicon.png
20080615 13:25:59 - DEBUG    - common.py        - 140 - | Q:\scripts\XOT-Uzg.v3\channels\nossearch\nosimage.png
20080615 13:25:59 - DEBUG    - common.py        - 140 - | Q:\scripts\XOT-Uzg.v3\channels\nossearch\noslarge.png
20080615 13:25:59 - DEBUG    - common.py        - 140 - | Q:\scripts\XOT-Uzg.v3\channels\ps\chn_ps.py
20080615 13:25:59 - DEBUG    - common.py        - 140 - | Q:\scripts\XOT-Uzg.v3\channels\ps\psimage.png
20080615 13:25:59 - DEBUG    - common.py        - 140 - | Q:\scripts\XOT-Uzg.v3\channels\ps\pslarge.png
20080615 13:25:59 - DEBUG    - common.py        - 140 - | Q:\scripts\XOT-Uzg.v3\channels\ps\psthumb.png
20080615 13:25:59 - DEBUG    - common.py        - 140 - | Q:\scripts\XOT-Uzg.v3\channels\quicksilver\chn_quicksilver.py
20080615 13:25:59 - DEBUG    - common.py        - 140 - | Q:\scripts\XOT-Uzg.v3\channels\quicksilver\quicksilverimage.png
20080615 13:25:59 - DEBUG    - common.py        - 140 - | Q:\scripts\XOT-Uzg.v3\channels\quicksilver\quicksilverlarge.png
20080615 13:25:59 - DEBUG    - common.py        - 140 - | Q:\scripts\XOT-Uzg.v3\channels\quicksilver\quicksilverthumb.png
20080615 13:25:59 - DEBUG    - common.py        - 140 - | Q:\scripts\XOT-Uzg.v3\channels\rtl\background-rtl-16x9.png
20080615 13:25:59 - DEBUG    - common.py        - 140 - | Q:\scripts\XOT-Uzg.v3\channels\rtl\background-rtl.png
20080615 13:25:59 - DEBUG    - common.py        - 140 - | Q:\scripts\XOT-Uzg.v3\channels\rtl\chn_rtl.py
20080615 13:25:59 - DEBUG    - common.py        - 140 - | Q:\scripts\XOT-Uzg.v3\channels\rtl\rtlimage.png
20080615 13:25:59 - DEBUG    - common.py        - 140 - | Q:\scripts\XOT-Uzg.v3\channels\rtl\rtllarge.png
20080615 13:25:59 - DEBUG    - common.py        - 140 - | Q:\scripts\XOT-Uzg.v3\channels\rtl\rtlthumb.png
20080615 13:25:59 - DEBUG    - common.py        - 140 - | Q:\scripts\XOT-Uzg.v3\channels\sbs6\background-sbs6-16x9.png
20080615 13:25:59 - DEBUG    - common.py        - 140 - | Q:\scripts\XOT-Uzg.v3\channels\sbs6\background-sbs6.png
20080615 13:25:59 - DEBUG    - common.py        - 140 - | Q:\scripts\XOT-Uzg.v3\channels\sbs6\chn_sbs6.py
20080615 13:25:59 - DEBUG    - common.py        - 140 - | Q:\scripts\XOT-Uzg.v3\channels\sbs6\sbs6icon.png
20080615 13:25:59 - DEBUG    - common.py        - 140 - | Q:\scripts\XOT-Uzg.v3\channels\sbs6\sbs6image.png
20080615 13:25:59 - DEBUG    - common.py        - 140 - | Q:\scripts\XOT-Uzg.v3\channels\sbs6\sbs6large.png
20080615 13:25:59 - DEBUG    - common.py        - 140 - | Q:\scripts\XOT-Uzg.v3\channels\sbs6nl\background-sbs6-16x9.png
20080615 13:25:59 - DEBUG    - common.py        - 140 - | Q:\scripts\XOT-Uzg.v3\channels\sbs6nl\background-sbs6.png
20080615 13:25:59 - DEBUG    - common.py        - 140 - | Q:\scripts\XOT-Uzg.v3\channels\sbs6nl\chn_sbs6nl.py
20080615 13:25:59 - DEBUG    - common.py        - 140 - | Q:\scripts\XOT-Uzg.v3\channels\sbs6nl\sbs6icon.png
20080615 13:25:59 - DEBUG    - common.py        - 140 - | Q:\scripts\XOT-Uzg.v3\channels\sbs6nl\sbs6image.png
20080615 13:25:59 - DEBUG    - common.py        - 140 - | Q:\scripts\XOT-Uzg.v3\channels\sbs6nl\sbs6large.png
20080615 13:25:59 - DEBUG    - common.py        - 140 - | Q:\scripts\XOT-Uzg.v3\channels\svt\chn_svt.py
20080615 13:25:59 - DEBUG    - common.py        - 140 - | Q:\scripts\XOT-Uzg.v3\channels\svt\svticon.png
20080615 13:25:59 - DEBUG    - common.py        - 140 - | Q:\scripts\XOT-Uzg.v3\channels\svt\svtimage.png
20080615 13:25:59 - DEBUG    - common.py        - 140 - | Q:\scripts\XOT-Uzg.v3\channels\svt\svtlarge.png
20080615 13:25:59 - DEBUG    - common.py        - 140 - | Q:\scripts\XOT-Uzg.v3\channels\veronica\chn_veronica.py
20080615 13:25:59 - DEBUG    - common.py        - 140 - | Q:\scripts\XOT-Uzg.v3\channels\veronica\veronicaicon.png
20080615 13:25:59 - DEBUG    - common.py        - 140 - | Q:\scripts\XOT-Uzg.v3\channels\veronica\veronicaimage.png
20080615 13:25:59 - DEBUG    - common.py        - 140 - | Q:\scripts\XOT-Uzg.v3\channels\veronica\veronicalarge.png
20080615 13:25:59 - DEBUG    - common.py        - 140 - | Q:\scripts\XOT-Uzg.v3\skins\Default\media\background-uitzgm.png
20080615 13:25:59 - DEBUG    - common.py        - 140 - | Q:\scripts\XOT-Uzg.v3\skins\Default\media\net5off.png
20080615 13:25:59 - DEBUG    - common.py        - 140 - | Q:\scripts\XOT-Uzg.v3\skins\Default\media\net5on.png
20080615 13:25:59 - DEBUG    - common.py        - 140 - | Q:\scripts\XOT-Uzg.v3\skins\Default\media\xot_background-blank.png
20080615 13:25:59 - DEBUG    - common.py        - 140 - | Q:\scripts\XOT-Uzg.v3\skins\Default\media\xot_background.png
20080615 13:25:59 - DEBUG    - common.py        - 140 - | Q:\scripts\XOT-Uzg.v3\skins\Default\media\xot_border.png
20080615 13:25:59 - DEBUG    - common.py        - 140 - | Q:\scripts\XOT-Uzg.v3\skins\Default\media\xot_channel-bg-focus.png
20080615 13:25:59 - DEBUG    - common.py        - 140 - | Q:\scripts\XOT-Uzg.v3\skins\Default\media\xot_channel-bg.png
20080615 13:25:59 - DEBUG    - common.py        - 140 - | Q:\scripts\XOT-Uzg.v3\skins\Default\media\xot_complete.png
20080615 13:25:59 - DEBUG    - common.py        - 140 - | Q:\scripts\XOT-Uzg.v3\skins\Default\media\xot_control.png
20080615 13:25:59 - DEBUG    - common.py        - 140 - | Q:\scripts\XOT-Uzg.v3\skins\Default\media\xot_DefaultAppend.png
20080615 13:25:59 - DEBUG    - common.py        - 140 - | Q:\scripts\XOT-Uzg.v3\skins\Default\media\xot_DefaultFolder.png
20080615 13:25:59 - DEBUG    - common.py        - 140 - | Q:\scripts\XOT-Uzg.v3\skins\Default\media\xot_dialog-context-bottom.png
20080615 13:25:59 - DEBUG    - common.py        - 140 - | Q:\scripts\XOT-Uzg.v3\skins\Default\media\xot_dialog-context-middle.png
20080615 13:25:59 - DEBUG    - common.py        - 140 - | Q:\scripts\XOT-Uzg.v3\skins\Default\media\xot_dialog-context-top.png
20080615 13:25:59 - DEBUG    - common.py        - 140 - | Q:\scripts\XOT-Uzg.v3\skins\Default\media\xot_dialog-panel2.png
20080615 13:25:59 - DEBUG    - common.py        - 140 - | Q:\scripts\XOT-Uzg.v3\skins\Default\media\xot_keyboard-btn-space-focus2.png
20080615 13:25:59 - DEBUG    - common.py        - 140 - | Q:\scripts\XOT-Uzg.v3\skins\Default\media\xot_keyboard-btn-space.png
20080615 13:25:59 - DEBUG    - common.py        - 140 - | Q:\scripts\XOT-Uzg.v3\skins\Default\media\xot_list-focus.png
20080615 13:25:59 - DEBUG    - common.py        - 140 - | Q:\scripts\XOT-Uzg.v3\skins\Default\media\xot_list-nofocus.png
20080615 13:25:59 - DEBUG    - common.py        - 140 - | Q:\scripts\XOT-Uzg.v3\skins\Default\media\xot_none.png
20080615 13:25:59 - DEBUG    - common.py        - 140 - | Q:\scripts\XOT-Uzg.v3\skins\Default\media\xot_page-bg-focus.png
20080615 13:25:59 - DEBUG    - common.py        - 140 - | Q:\scripts\XOT-Uzg.v3\skins\Default\media\xot_page-bg.png
20080615 13:25:59 - DEBUG    - common.py        - 140 - | Q:\scripts\XOT-Uzg.v3\skins\Default\media\xot_rating0.png
20080615 13:25:59 - DEBUG    - common.py        - 140 - | Q:\scripts\XOT-Uzg.v3\skins\Default\media\xot_rating1.png
20080615 13:25:59 - DEBUG    - common.py        - 140 - | Q:\scripts\XOT-Uzg.v3\skins\Default\media\xot_rating2.png
20080615 13:25:59 - DEBUG    - common.py        - 140 - | Q:\scripts\XOT-Uzg.v3\skins\Default\media\xot_rating3.png
20080615 13:25:59 - DEBUG    - common.py        - 140 - | Q:\scripts\XOT-Uzg.v3\skins\Default\media\xot_rating4.png
20080615 13:25:59 - DEBUG    - common.py        - 140 - | Q:\scripts\XOT-Uzg.v3\skins\Default\media\xot_rating5.png
20080615 13:25:59 - DEBUG    - common.py        - 140 - | Q:\scripts\XOT-Uzg.v3\skins\Default\media\xot_scrollbar_background.png
20080615 13:25:59 - DEBUG    - common.py        - 140 - | Q:\scripts\XOT-Uzg.v3\skins\Default\media\xot_scrollbar_bar.png
20080615 13:25:59 - DEBUG    - common.py        - 140 - | Q:\scripts\XOT-Uzg.v3\skins\Default\media\xot_scrollbar_bar_focus.png
20080615 13:25:59 - DEBUG    - common.py        - 140 - | Q:\scripts\XOT-Uzg.v3\skins\Default\media\xot_top-background.png
20080615 13:25:59 - DEBUG    - common.py        - 140 - | Q:\scripts\XOT-Uzg.v3\skins\Default\media\xot_updateicon.png
20080615 13:25:59 - DEBUG    - common.py        - 140 - | Q:\scripts\XOT-Uzg.v3\skins\Default\pal\uzg-channelwindow.xml
20080615 13:25:59 - DEBUG    - common.py        - 140 - | Q:\scripts\XOT-Uzg.v3\skins\Default\pal\uzg-contextmenu.xml
20080615 13:25:59 - DEBUG    - common.py        - 140 - | Q:\scripts\XOT-Uzg.v3\skins\Default\pal\uzg-progwindow.xml
20080615 13:25:59 - DEBUG    - common.py        - 140 - + Q:\scripts\XOT-Uzg.v3\skins\Default\pal\xot-updater.xml
20080615 13:25:59 - INFO     - common.py        - 122 - Setting Skin to: Default
20080615 13:25:59 - INFO     - default.py       - 118 - ************** Starting XOT-Uzg (XOT-Uzg.v3) version v3.1.0 **************
20080615 13:25:59 - INFO     - default.py       - 119 - Skinfolder = Default
20080615 13:25:59 - INFO     - uriopener.py     - 152 - Opening requested uri Async: http://www.rieter.net/uitzendinggemist/index.php?currentversion=3.1.0 (already 1 threads)
20080615 13:25:59 - INFO     - uriopener.py     - 415 - Determining which Progessbar to use....
20080615 13:25:59 - INFO     - uriopener.py     - 420 - FileSize is known (fileSize=1)
20080615 13:25:59 - INFO     - uriopener.py     - 198 - Url http://www.rieter.net/uitzendinggemist/index.php?currentversion=3.1.0 was opened successfully
20080615 13:25:59 - INFO     - common.py        - 157 - Removed 0 of 5 files from cache.
20080615 13:26:00 - INFO     - progwindow.py    - 35  - Importing chn_123video
20080615 13:26:00 - INFO     - progwindow.py    - 35  - Importing chn_dumpert
20080615 13:26:00 - INFO     - progwindow.py    - 35  - Importing chn_joox
20080615 13:26:00 - INFO     - progwindow.py    - 35  - Importing chn_kk
20080615 13:26:00 - INFO     - progwindow.py    - 35  - Importing chn_lamas
20080615 13:26:00 - INFO     - progwindow.py    - 35  - Importing chn_myvideo
20080615 13:26:00 - INFO     - progwindow.py    - 35  - Importing chn_net5
20080615 13:26:00 - INFO     - progwindow.py    - 35  - Importing chn_nos
20080615 13:26:00 - INFO     - progwindow.py    - 35  - Importing chn_nossearch
20080615 13:26:00 - INFO     - progwindow.py    - 35  - Importing chn_ps
20080615 13:26:00 - INFO     - progwindow.py    - 35  - Importing chn_quicksilver
20080615 13:26:00 - INFO     - progwindow.py    - 35  - Importing chn_rtl
20080615 13:26:00 - INFO     - progwindow.py    - 35  - Importing chn_sbs6
20080615 13:26:00 - INFO     - progwindow.py    - 35  - Importing chn_sbs6nl
20080615 13:26:00 - INFO     - progwindow.py    - 35  - Importing chn_svt
20080615 13:26:00 - INFO     - progwindow.py    - 35  - Importing chn_veronica
20080615 13:26:00 - DEBUG    - chn_class.py     - 55  - No channelCode present
20080615 13:26:00 - DEBUG    - chn_class.py     - 52  - ChannelCode present: dumpert
20080615 13:26:00 - DEBUG    - chn_class.py     - 52  - ChannelCode present: joox
20080615 13:26:00 - WARNING  - chn_class.py     - 1010 - Joox.Net has maxVersion 3.0.0 and is to old for XOT version 3.1.0. (maxXot=00300000099, currentXot=00300100099)
20080615 13:26:00 - DEBUG    - chn_class.py     - 55  - No channelCode present
20080615 13:26:00 - DEBUG    - chn_class.py     - 52  - ChannelCode present: delamas
20080615 13:26:00 - DEBUG    - chn_class.py     - 55  - No channelCode present
20080615 13:26:00 - DEBUG    - chn_class.py     - 52  - ChannelCode present: net5
20080615 13:26:00 - DEBUG    - chn_class.py     - 52  - ChannelCode present: ned1
20080615 13:26:00 - DEBUG    - chn_class.py     - 52  - ChannelCode present: ned2
20080615 13:26:00 - DEBUG    - chn_class.py     - 52  - ChannelCode present: ned3
20080615 13:26:00 - DEBUG    - chn_class.py     - 52  - ChannelCode present: nedsearch
20080615 13:26:00 - DEBUG    - chn_class.py     - 52  - ChannelCode present: pron
20080615 13:26:00 - WARNING  - chn_class.py     - 1010 - Pronshare.com has maxVersion 3.0.1 and is to old for XOT version 3.1.0. (maxXot=00300000199, currentXot=00300100099)
20080615 13:26:00 - DEBUG    - chn_class.py     - 55  - No channelCode present
20080615 13:26:00 - DEBUG    - chn_class.py     - 55  - No channelCode present
20080615 13:26:00 - DEBUG    - chn_class.py     - 55  - No channelCode present
20080615 13:26:00 - DEBUG    - chn_class.py     - 52  - ChannelCode present: sbs
20080615 13:26:01 - DEBUG    - chn_class.py     - 55  - No channelCode present
20080615 13:26:01 - DEBUG    - chn_class.py     - 52  - ChannelCode present: veronica
20080615 13:26:01 - INFO     - progwindow.py    - 74  - Starting XOT-Uzg (XOT-Uzg.v3) ProgWindow with Fallback=Q:\scripts\XOT-Uzg.v3\ and DefaultName=Default
20080615 13:26:01 - DEBUG    - progwindow.py    - 245 - onFocus :: Control 51 has focus now
20080615 13:26:01 - DEBUG    - progwindow.py    - 245 - onFocus :: Control 51 has focus now
20080615 13:26:01 - DEBUG    - progwindow.py    - 333 - Adding Nederland 1
20080615 13:26:01 - DEBUG    - progwindow.py    - 333 - Adding Nederland 2
20080615 13:26:01 - DEBUG    - progwindow.py    - 333 - Adding Nederland 3
20080615 13:26:01 - DEBUG    - progwindow.py    - 333 - Adding Uitzendinggemist
20080615 13:26:01 - DEBUG    - progwindow.py    - 333 - Adding RTL 4,5&7
20080615 13:26:01 - DEBUG    - progwindow.py    - 333 - Adding Net 5
20080615 13:26:01 - DEBUG    - progwindow.py    - 333 - Adding SBS6
20080615 13:26:01 - DEBUG    - progwindow.py    - 333 - Adding SBS6 (PZ)
20080615 13:26:01 - DEBUG    - progwindow.py    - 333 - Adding Veronica
20080615 13:26:01 - DEBUG    - progwindow.py    - 333 - Adding 123Video.nl
20080615 13:26:01 - DEBUG    - progwindow.py    - 333 - Adding De Lama's
20080615 13:26:02 - DEBUG    - progwindow.py    - 333 - Adding Dumpert.nl
20080615 13:26:02 - DEBUG    - progwindow.py    - 333 - Adding KanalenKiezer
20080615 13:26:02 - DEBUG    - progwindow.py    - 333 - Adding MyVideo.nl
20080615 13:26:02 - DEBUG    - progwindow.py    - 333 - Adding Quicksilver Screen
20080615 13:26:02 - DEBUG    - progwindow.py    - 333 - Adding Sveriges Television
20080615 13:26:03 - DEBUG    - progwindow.py    - 117 - Resetting self.click
20080615 13:26:04 - DEBUG    - progwindow.py    - 117 - Resetting self.click
20080615 13:26:04 - DEBUG    - progwindow.py    - 117 - Resetting self.click
20080615 13:26:05 - DEBUG    - progwindow.py    - 117 - Resetting self.click
20080615 13:26:05 - DEBUG    - progwindow.py    - 230 - onClick ControlID=51
20080615 13:26:05 - DEBUG    - progwindow.py    - 117 - Resetting self.click
20080615 13:26:05 - DEBUG    - progwindow.py    - 157 - Progwindow :: Performing a SelectItem
20080615 13:26:05 - DEBUG    - progwindow.py    - 179 - onSelect on ControlID=51
20080615 13:26:05 - INFO     - uriopener.py     - 152 - Opening requested uri Async: http://www.rtl.nl//system/video/menu/videomenu.xml (already 1 threads)
20080615 13:26:06 - INFO     - uriopener.py     - 415 - Determining which Progessbar to use....
20080615 13:26:06 - INFO     - uriopener.py     - 420 - FileSize is known (fileSize=7860)
20080615 13:26:06 - INFO     - uriopener.py     - 198 - Url http://www.rtl.nl//system/video/menu/videomenu.xml was opened successfully
20080615 13:26:06 - DEBUG    - progwindow.py    - 245 - onFocus :: Control 60 has focus now
20080615 13:26:19 - DEBUG    - progwindow.py    - 117 - Resetting self.click
20080615 13:26:19 - CRITICAL - progwindow.py    - 169 - OnAction::unknow action (id=3). Do not know what to do
20080615 13:26:19 - DEBUG    - progwindow.py    - 117 - Resetting self.click
20080615 13:26:19 - CRITICAL - progwindow.py    - 169 - OnAction::unknow action (id=4). Do not know what to do
20080615 13:26:20 - DEBUG    - progwindow.py    - 117 - Resetting self.click
20080615 13:26:20 - CRITICAL - progwindow.py    - 169 - OnAction::unknow action (id=4). Do not know what to do
20080615 13:26:20 - DEBUG    - progwindow.py    - 117 - Resetting self.click
20080615 13:26:20 - CRITICAL - progwindow.py    - 169 - OnAction::unknow action (id=4). Do not know what to do
20080615 13:26:20 - DEBUG    - progwindow.py    - 117 - Resetting self.click
20080615 13:26:20 - CRITICAL - progwindow.py    - 169 - OnAction::unknow action (id=4). Do not know what to do
20080615 13:26:21 - DEBUG    - progwindow.py    - 117 - Resetting self.click
20080615 13:26:21 - CRITICAL - progwindow.py    - 169 - OnAction::unknow action (id=4). Do not know what to do
20080615 13:26:21 - DEBUG    - progwindow.py    - 117 - Resetting self.click
20080615 13:26:21 - CRITICAL - progwindow.py    - 169 - OnAction::unknow action (id=4). Do not know what to do
20080615 13:26:21 - DEBUG    - progwindow.py    - 117 - Resetting self.click
20080615 13:26:21 - CRITICAL - progwindow.py    - 169 - OnAction::unknow action (id=4). Do not know what to do
20080615 13:26:21 - DEBUG    - progwindow.py    - 117 - Resetting self.click
20080615 13:26:21 - CRITICAL - progwindow.py    - 169 - OnAction::unknow action (id=4). Do not know what to do
20080615 13:26:21 - DEBUG    - progwindow.py    - 117 - Resetting self.click
20080615 13:26:21 - CRITICAL - progwindow.py    - 169 - OnAction::unknow action (id=4). Do not know what to do
20080615 13:26:21 - DEBUG    - progwindow.py    - 117 - Resetting self.click
20080615 13:26:21 - CRITICAL - progwindow.py    - 169 - OnAction::unknow action (id=4). Do not know what to do
20080615 13:26:21 - DEBUG    - progwindow.py    - 117 - Resetting self.click
20080615 13:26:21 - CRITICAL - progwindow.py    - 169 - OnAction::unknow action (id=4). Do not know what to do
20080615 13:26:21 - DEBUG    - progwindow.py    - 117 - Resetting self.click
20080615 13:26:21 - CRITICAL - progwindow.py    - 169 - OnAction::unknow action (id=4). Do not know what to do
20080615 13:26:21 - DEBUG    - progwindow.py    - 117 - Resetting self.click
20080615 13:26:21 - CRITICAL - progwindow.py    - 169 - OnAction::unknow action (id=4). Do not know what to do
20080615 13:26:21 - DEBUG    - progwindow.py    - 117 - Resetting self.click
20080615 13:26:21 - CRITICAL - progwindow.py    - 169 - OnAction::unknow action (id=4). Do not know what to do
20080615 13:26:21 - DEBUG    - progwindow.py    - 117 - Resetting self.click
20080615 13:26:21 - CRITICAL - progwindow.py    - 169 - OnAction::unknow action (id=4). Do not know what to do
20080615 13:26:21 - DEBUG    - progwindow.py    - 117 - Resetting self.click
20080615 13:26:21 - CRITICAL - progwindow.py    - 169 - OnAction::unknow action (id=4). Do not know what to do
20080615 13:26:21 - DEBUG    - progwindow.py    - 117 - Resetting self.click
20080615 13:26:21 - CRITICAL - progwindow.py    - 169 - OnAction::unknow action (id=4). Do not know what to do
20080615 13:26:21 - DEBUG    - progwindow.py    - 117 - Resetting self.click
20080615 13:26:21 - CRITICAL - progwindow.py    - 169 - OnAction::unknow action (id=4). Do not know what to do
20080615 13:26:21 - DEBUG    - progwindow.py    - 117 - Resetting self.click
20080615 13:26:21 - CRITICAL - progwindow.py    - 169 - OnAction::unknow action (id=4). Do not know what to do
20080615 13:26:22 - DEBUG    - progwindow.py    - 117 - Resetting self.click
20080615 13:26:22 - CRITICAL - progwindow.py    - 169 - OnAction::unknow action (id=4). Do not know what to do
20080615 13:26:22 - DEBUG    - progwindow.py    - 117 - Resetting self.click
20080615 13:26:22 - CRITICAL - progwindow.py    - 169 - OnAction::unknow action (id=4). Do not know what to do
20080615 13:26:22 - DEBUG    - progwindow.py    - 117 - Resetting self.click
20080615 13:26:22 - CRITICAL - progwindow.py    - 169 - OnAction::unknow action (id=4). Do not know what to do
20080615 13:26:22 - DEBUG    - progwindow.py    - 117 - Resetting self.click
20080615 13:26:22 - CRITICAL - progwindow.py    - 169 - OnAction::unknow action (id=4). Do not know what to do
20080615 13:26:22 - DEBUG    - progwindow.py    - 117 - Resetting self.click
20080615 13:26:22 - CRITICAL - progwindow.py    - 169 - OnAction::unknow action (id=4). Do not know what to do
20080615 13:26:22 - DEBUG    - progwindow.py    - 117 - Resetting self.click
20080615 13:26:22 - CRITICAL - progwindow.py    - 169 - OnAction::unknow action (id=4). Do not know what to do
20080615 13:26:22 - DEBUG    - progwindow.py    - 117 - Resetting self.click
20080615 13:26:22 - CRITICAL - progwindow.py    - 169 - OnAction::unknow action (id=4). Do not know what to do
20080615 13:26:22 - DEBUG    - progwindow.py    - 117 - Resetting self.click
20080615 13:26:22 - CRITICAL - progwindow.py    - 169 - OnAction::unknow action (id=4). Do not know what to do
20080615 13:26:22 - DEBUG    - progwindow.py    - 117 - Resetting self.click
20080615 13:26:22 - CRITICAL - progwindow.py    - 169 - OnAction::unknow action (id=4). Do not know what to do
20080615 13:26:23 - DEBUG    - progwindow.py    - 117 - Resetting self.click
20080615 13:26:23 - CRITICAL - progwindow.py    - 169 - OnAction::unknow action (id=4). Do not know what to do
20080615 13:26:23 - DEBUG    - progwindow.py    - 117 - Resetting self.click
20080615 13:26:23 - CRITICAL - progwindow.py    - 169 - OnAction::unknow action (id=4). Do not know what to do
20080615 13:26:24 - DEBUG    - progwindow.py    - 117 - Resetting self.click
20080615 13:26:24 - CRITICAL - progwindow.py    - 169 - OnAction::unknow action (id=4). Do not know what to do
20080615 13:26:24 - DEBUG    - progwindow.py    - 117 - Resetting self.click
20080615 13:26:24 - CRITICAL - progwindow.py    - 169 - OnAction::unknow action (id=4). Do not know what to do
20080615 13:26:24 - DEBUG    - progwindow.py    - 117 - Resetting self.click
20080615 13:26:24 - CRITICAL - progwindow.py    - 169 - OnAction::unknow action (id=4). Do not know what to do
20080615 13:26:24 - DEBUG    - progwindow.py    - 117 - Resetting self.click
20080615 13:26:24 - CRITICAL - progwindow.py    - 169 - OnAction::unknow action (id=4). Do not know what to do
20080615 13:26:24 - DEBUG    - progwindow.py    - 117 - Resetting self.click
20080615 13:26:24 - CRITICAL - progwindow.py    - 169 - OnAction::unknow action (id=4). Do not know what to do
20080615 13:26:24 - DEBUG    - progwindow.py    - 117 - Resetting self.click
20080615 13:26:24 - CRITICAL - progwindow.py    - 169 - OnAction::unknow action (id=4). Do not know what to do
20080615 13:26:24 - DEBUG    - progwindow.py    - 117 - Resetting self.click
20080615 13:26:24 - CRITICAL - progwindow.py    - 169 - OnAction::unknow action (id=4). Do not know what to do
20080615 13:26:24 - DEBUG    - progwindow.py    - 117 - Resetting self.click
20080615 13:26:24 - CRITICAL - progwindow.py    - 169 - OnAction::unknow action (id=4). Do not know what to do
20080615 13:26:24 - DEBUG    - progwindow.py    - 117 - Resetting self.click
20080615 13:26:24 - CRITICAL - progwindow.py    - 169 - OnAction::unknow action (id=4). Do not know what to do
20080615 13:26:24 - DEBUG    - progwindow.py    - 117 - Resetting self.click
20080615 13:26:24 - CRITICAL - progwindow.py    - 169 - OnAction::unknow action (id=4). Do not know what to do
20080615 13:26:24 - DEBUG    - progwindow.py    - 117 - Resetting self.click
20080615 13:26:24 - CRITICAL - progwindow.py    - 169 - OnAction::unknow action (id=4). Do not know what to do
20080615 13:26:24 - DEBUG    - progwindow.py    - 117 - Resetting self.click
20080615 13:26:24 - CRITICAL - progwindow.py    - 169 - OnAction::unknow action (id=4). Do not know what to do
20080615 13:26:25 - DEBUG    - progwindow.py    - 117 - Resetting self.click
20080615 13:26:25 - CRITICAL - progwindow.py    - 169 - OnAction::unknow action (id=4). Do not know what to do
20080615 13:26:25 - DEBUG    - progwindow.py    - 117 - Resetting self.click
20080615 13:26:25 - CRITICAL - progwindow.py    - 169 - OnAction::unknow action (id=4). Do not know what to do
20080615 13:26:25 - DEBUG    - progwindow.py    - 117 - Resetting self.click
20080615 13:26:25 - CRITICAL - progwindow.py    - 169 - OnAction::unknow action (id=4). Do not know what to do
20080615 13:26:25 - DEBUG    - progwindow.py    - 117 - Resetting self.click
20080615 13:26:25 - CRITICAL - progwindow.py    - 169 - OnAction::unknow action (id=4). Do not know what to do
20080615 13:26:25 - DEBUG    - progwindow.py    - 117 - Resetting self.click
20080615 13:26:25 - CRITICAL - progwindow.py    - 169 - OnAction::unknow action (id=4). Do not know what to do
20080615 13:26:25 - DEBUG    - progwindow.py    - 117 - Resetting self.click
20080615 13:26:25 - CRITICAL - progwindow.py    - 169 - OnAction::unknow action (id=4). Do not know what to do
20080615 13:26:25 - DEBUG    - progwindow.py    - 117 - Resetting self.click
20080615 13:26:25 - CRITICAL - progwindow.py    - 169 - OnAction::unknow action (id=4). Do not know what to do
20080615 13:26:25 - DEBUG    - progwindow.py    - 117 - Resetting self.click
20080615 13:26:25 - CRITICAL - progwindow.py    - 169 - OnAction::unknow action (id=4). Do not know what to do
20080615 13:26:25 - DEBUG    - progwindow.py    - 117 - Resetting self.click
20080615 13:26:25 - CRITICAL - progwindow.py    - 169 - OnAction::unknow action (id=4). Do not know what to do
20080615 13:26:25 - DEBUG    - progwindow.py    - 117 - Resetting self.click
20080615 13:26:25 - CRITICAL - progwindow.py    - 169 - OnAction::unknow action (id=4). Do not know what to do
20080615 13:26:25 - DEBUG    - progwindow.py    - 117 - Resetting self.click
20080615 13:26:25 - CRITICAL - progwindow.py    - 169 - OnAction::unknow action (id=4). Do not know what to do
20080615 13:26:25 - DEBUG    - progwindow.py    - 117 - Resetting self.click
20080615 13:26:25 - CRITICAL - progwindow.py    - 169 - OnAction::unknow action (id=4). Do not know what to do
20080615 13:26:25 - DEBUG    - progwindow.py    - 117 - Resetting self.click
20080615 13:26:25 - CRITICAL - progwindow.py    - 169 - OnAction::unknow action (id=4). Do not know what to do
20080615 13:26:25 - DEBUG    - progwindow.py    - 117 - Resetting self.click
20080615 13:26:25 - CRITICAL - progwindow.py    - 169 - OnAction::unknow action (id=4). Do not know what to do
20080615 13:26:25 - DEBUG    - progwindow.py    - 117 - Resetting self.click
20080615 13:26:25 - CRITICAL - progwindow.py    - 169 - OnAction::unknow action (id=4). Do not know what to do
20080615 13:26:25 - DEBUG    - progwindow.py    - 117 - Resetting self.click
20080615 13:26:26 - CRITICAL - progwindow.py    - 169 - OnAction::unknow action (id=4). Do not know what to do
20080615 13:26:26 - DEBUG    - progwindow.py    - 117 - Resetting self.click
20080615 13:26:26 - CRITICAL - progwindow.py    - 169 - OnAction::unknow action (id=4). Do not know what to do
20080615 13:26:26 - DEBUG    - progwindow.py    - 117 - Resetting self.click
20080615 13:26:26 - CRITICAL - progwindow.py    - 169 - OnAction::unknow action (id=4). Do not know what to do
20080615 13:26:26 - DEBUG    - progwindow.py    - 117 - Resetting self.click
20080615 13:26:26 - CRITICAL - progwindow.py    - 169 - OnAction::unknow action (id=4). Do not know what to do
20080615 13:26:26 - DEBUG    - progwindow.py    - 117 - Resetting self.click
20080615 13:26:26 - CRITICAL - progwindow.py    - 169 - OnAction::unknow action (id=4). Do not know what to do
20080615 13:26:26 - DEBUG    - progwindow.py    - 117 - Resetting self.click
20080615 13:26:26 - CRITICAL - progwindow.py    - 169 - OnAction::unknow action (id=4). Do not know what to do
20080615 13:26:26 - DEBUG    - progwindow.py    - 117 - Resetting self.click
20080615 13:26:26 - CRITICAL - progwindow.py    - 169 - OnAction::unknow action (id=4). Do not know what to do
20080615 13:26:26 - DEBUG    - progwindow.py    - 117 - Resetting self.click
20080615 13:26:26 - CRITICAL - progwindow.py    - 169 - OnAction::unknow action (id=4). Do not know what to do
20080615 13:26:26 - DEBUG    - progwindow.py    - 117 - Resetting self.click
20080615 13:26:26 - CRITICAL - progwindow.py    - 169 - OnAction::unknow action (id=4). Do not know what to do
20080615 13:26:26 - DEBUG    - progwindow.py    - 117 - Resetting self.click
20080615 13:26:26 - CRITICAL - progwindow.py    - 169 - OnAction::unknow action (id=4). Do not know what to do
20080615 13:26:26 - DEBUG    - progwindow.py    - 117 - Resetting self.click
20080615 13:26:26 - CRITICAL - progwindow.py    - 169 - OnAction::unknow action (id=4). Do not know what to do
20080615 13:26:26 - DEBUG    - progwindow.py    - 117 - Resetting self.click
20080615 13:26:26 - CRITICAL - progwindow.py    - 169 - OnAction::unknow action (id=4). Do not know what to do
20080615 13:26:26 - DEBUG    - progwindow.py    - 117 - Resetting self.click
20080615 13:26:26 - CRITICAL - progwindow.py    - 169 - OnAction::unknow action (id=4). Do not know what to do
20080615 13:26:26 - DEBUG    - progwindow.py    - 117 - Resetting self.click
20080615 13:26:26 - CRITICAL - progwindow.py    - 169 - OnAction::unknow action (id=4). Do not know what to do
20080615 13:26:26 - DEBUG    - progwindow.py    - 117 - Resetting self.click
20080615 13:26:26 - CRITICAL - progwindow.py    - 169 - OnAction::unknow action (id=4). Do not know what to do
20080615 13:26:26 - DEBUG    - progwindow.py    - 117 - Resetting self.click
20080615 13:26:26 - CRITICAL - progwindow.py    - 169 - OnAction::unknow action (id=4). Do not know what to do
20080615 13:26:27 - DEBUG    - progwindow.py    - 117 - Resetting self.click
20080615 13:26:27 - CRITICAL - progwindow.py    - 169 - OnAction::unknow action (id=3). Do not know what to do
20080615 13:26:28 - DEBUG    - progwindow.py    - 117 - Resetting self.click
20080615 13:26:28 - CRITICAL - progwindow.py    - 169 - OnAction::unknow action (id=3). Do not know what to do
20080615 13:26:28 - DEBUG    - progwindow.py    - 117 - Resetting self.click
20080615 13:26:28 - CRITICAL - progwindow.py    - 169 - OnAction::unknow action (id=3). Do not know what to do
20080615 13:26:28 - DEBUG    - progwindow.py    - 117 - Resetting self.click
20080615 13:26:28 - CRITICAL - progwindow.py    - 169 - OnAction::unknow action (id=3). Do not know what to do
20080615 13:26:28 - DEBUG    - progwindow.py    - 117 - Resetting self.click
20080615 13:26:28 - CRITICAL - progwindow.py    - 169 - OnAction::unknow action (id=3). Do not know what to do
20080615 13:26:29 - DEBUG    - progwindow.py    - 117 - Resetting self.click
20080615 13:26:29 - CRITICAL - progwindow.py    - 169 - OnAction::unknow action (id=3). Do not know what to do
20080615 13:26:29 - DEBUG    - progwindow.py    - 230 - onClick ControlID=60
20080615 13:26:29 - DEBUG    - progwindow.py    - 117 - Resetting self.click
20080615 13:26:29 - DEBUG    - progwindow.py    - 157 - Progwindow :: Performing a SelectItem
20080615 13:26:29 - DEBUG    - progwindow.py    - 179 - onSelect on ControlID=60
20080615 13:26:29 - INFO     - progwindow.py    - 206 - opening episode list GUI with uri=http://www.rtl.nl/(vm=/programma/rtlfilm/)/system/video/menu/programma/rtlfilm/videomenu.xml
20080615 13:26:30 - INFO     - chn_class.py     - 151 - onInit(): Window Initalized for chn_rtl.py
20080615 13:26:30 - DEBUG    - chn_class.py     - 153 - Initializing RTL 4,5&7 Gui for the first time
20080615 13:26:30 - DEBUG    - chn_class.py     - 159 - Resolution=7, Q:\scripts\XOT-Uzg.v3\channels\rtl\background-rtl-16x9.png
20080615 13:26:30 - DEBUG    - chn_class.py     - 166 - Clearing Folder History
20080615 13:26:30 - DEBUG    - guicontroller.py - 127 - Fetching info for ''. Setting:
20080615 13:26:30 - DEBUG    - guicontroller.py - 127 - | Description: Please wait while loading data
20080615 13:26:30 - DEBUG    - guicontroller.py - 127 - + Image: Q:\scripts\XOT-Uzg.v3\channels\rtl\rtlimage.png
20080615 13:26:30 - DEBUG    - guicontroller.py - 146 - Showing rating: None
20080615 13:26:30 - DEBUG    - chn_class.py     - 180 - LogonCheck
20080615 13:26:30 - INFO     - chn_class.py     - 865 - No login required of RTL 4,5&7
20080615 13:26:30 - DEBUG    - guicontroller.py - 127 - Fetching info for ''. Setting:
20080615 13:26:30 - DEBUG    - guicontroller.py - 127 - | Description: Please wait while loading data
20080615 13:26:30 - DEBUG    - guicontroller.py - 127 - + Image: Q:\scripts\XOT-Uzg.v3\channels\rtl\rtlimage.png
20080615 13:26:30 - DEBUG    - guicontroller.py - 146 - Showing rating: None
20080615 13:26:30 - INFO     - uriopener.py     - 152 - Opening requested uri Async: http://www.rtl.nl/(vm=/programma/rtlfilm/)/system/video/menu/programma/rtlfilm/videomenu.xml (already 1 threads)
20080615 13:26:31 - INFO     - uriopener.py     - 415 - Determining which Progessbar to use....
20080615 13:26:31 - INFO     - uriopener.py     - 420 - FileSize is known (fileSize=197)
20080615 13:26:31 - INFO     - uriopener.py     - 198 - Url http://www.rtl.nl/(vm=/programma/rtlfilm/)/system/video/menu/programma/rtlfilm/videomenu.xml was opened successfully
20080615 13:26:31 - DEBUG    - chn_rtl.py       - 126 - starting CreateFolderItem for RTL 4,5&7
20080615 13:26:31 - DEBUG    - guicontroller.py - 46  - DisplayPageNavigation starting
20080615 13:26:31 - DEBUG    - guicontroller.py - 69  - DisplayFolderList needs to display 1 items. 
20080615 13:26:31 - DEBUG    - guicontroller.py - 69  - + Focussed is on item 0
20080615 13:26:31 - INFO     - guicontroller.py - 119 - All items where shown. Now fetching focussed item info for item number 0
20080615 13:26:31 - DEBUG    - guicontroller.py - 127 - Fetching info for 'Recente uitzendingen'. Setting:
20080615 13:26:31 - DEBUG    - guicontroller.py - 127 - | Description: RTL Film 
20080615 13:26:31 - DEBUG    - guicontroller.py - 127 - | Recente uitzendingen 
20080615 13:26:31 - DEBUG    - guicontroller.py - 127 - + Image: Q:\scripts\XOT-Uzg.v3\channels\rtl\rtlimage.png
20080615 13:26:31 - DEBUG    - guicontroller.py - 146 - Showing rating: None
20080615 13:26:31 - DEBUG    - chn_class.py     - 208 - RTL 4,5&7 Gui has been initialised for the first time
20080615 13:26:36 - DEBUG    - chn_class.py     - 233 - onAction (with buttonid=216 and id=9) detected (ThrdID=416)
20080615 13:26:36 - DEBUG    - chn_class.py     - 252 - Removing items from historystack
20080615 13:26:36 - DEBUG    - progwindow.py    - 245 - onFocus :: Control 51 has focus now
20080615 13:26:36 - DEBUG    - progwindow.py    - 245 - onFocus :: Control 60 has focus now
20080615 13:26:37 - DEBUG    - progwindow.py    - 117 - Resetting self.click
20080615 13:26:37 - CRITICAL - progwindow.py    - 169 - OnAction::unknow action (id=4). Do not know what to do
20080615 13:26:42 - DEBUG    - progwindow.py    - 230 - onClick ControlID=60
20080615 13:26:42 - DEBUG    - progwindow.py    - 117 - Resetting self.click
20080615 13:26:42 - DEBUG    - progwindow.py    - 157 - Progwindow :: Performing a SelectItem
20080615 13:26:42 - DEBUG    - progwindow.py    - 179 - onSelect on ControlID=60
20080615 13:26:42 - INFO     - progwindow.py    - 206 - opening episode list GUI with uri=http://www.rtl.nl/(vm=/sport/rtl_gp/rtlgp/)/system/video/menu/sport/rtl_gp/rtlgp/videomenu.xml
20080615 13:26:42 - INFO     - chn_class.py     - 151 - onInit(): Window Initalized for chn_rtl.py
20080615 13:26:42 - DEBUG    - chn_class.py     - 153 - Initializing RTL 4,5&7 Gui for the first time
20080615 13:26:42 - DEBUG    - chn_class.py     - 159 - Resolution=7, Q:\scripts\XOT-Uzg.v3\channels\rtl\background-rtl-16x9.png
20080615 13:26:42 - DEBUG    - chn_class.py     - 166 - Clearing Folder History
20080615 13:26:42 - DEBUG    - guicontroller.py - 127 - Fetching info for ''. Setting:
20080615 13:26:42 - DEBUG    - guicontroller.py - 127 - | Description: Please wait while loading data
20080615 13:26:42 - DEBUG    - guicontroller.py - 127 - + Image: Q:\scripts\XOT-Uzg.v3\channels\rtl\rtlimage.png
20080615 13:26:42 - DEBUG    - guicontroller.py - 146 - Showing rating: None
20080615 13:26:42 - DEBUG    - chn_class.py     - 180 - LogonCheck
20080615 13:26:42 - INFO     - chn_class.py     - 865 - No login required of RTL 4,5&7
20080615 13:26:42 - DEBUG    - guicontroller.py - 127 - Fetching info for ''. Setting:
20080615 13:26:42 - DEBUG    - guicontroller.py - 127 - | Description: Please wait while loading data
20080615 13:26:42 - DEBUG    - guicontroller.py - 127 - + Image: Q:\scripts\XOT-Uzg.v3\channels\rtl\rtlimage.png
20080615 13:26:42 - DEBUG    - guicontroller.py - 146 - Showing rating: None
20080615 13:26:42 - INFO     - uriopener.py     - 152 - Opening requested uri Async: http://www.rtl.nl/(vm=/sport/rtl_gp/rtlgp/)/system/video/menu/sport/rtl_gp/rtlgp/videomenu.xml (already 1 threads)
20080615 13:26:43 - INFO     - uriopener.py     - 415 - Determining which Progessbar to use....
20080615 13:26:43 - INFO     - uriopener.py     - 420 - FileSize is known (fileSize=1201)
20080615 13:26:43 - INFO     - uriopener.py     - 198 - Url http://www.rtl.nl/(vm=/sport/rtl_gp/rtlgp/)/system/video/menu/sport/rtl_gp/rtlgp/videomenu.xml was opened successfully
20080615 13:26:43 - DEBUG    - chn_rtl.py       - 126 - starting CreateFolderItem for RTL 4,5&7
20080615 13:26:43 - DEBUG    - chn_rtl.py       - 126 - starting CreateFolderItem for RTL 4,5&7
20080615 13:26:43 - DEBUG    - chn_rtl.py       - 126 - starting CreateFolderItem for RTL 4,5&7
20080615 13:26:43 - DEBUG    - chn_rtl.py       - 126 - starting CreateFolderItem for RTL 4,5&7
20080615 13:26:43 - DEBUG    - chn_rtl.py       - 126 - starting CreateFolderItem for RTL 4,5&7
20080615 13:26:43 - DEBUG    - chn_rtl.py       - 126 - starting CreateFolderItem for RTL 4,5&7
20080615 13:26:43 - DEBUG    - chn_rtl.py       - 126 - starting CreateFolderItem for RTL 4,5&7
20080615 13:26:43 - DEBUG    - chn_rtl.py       - 126 - starting CreateFolderItem for RTL 4,5&7
20080615 13:26:43 - DEBUG    - chn_rtl.py       - 126 - starting CreateFolderItem for RTL 4,5&7
20080615 13:26:43 - DEBUG    - chn_rtl.py       - 126 - starting CreateFolderItem for RTL 4,5&7
20080615 13:26:43 - DEBUG    - chn_rtl.py       - 126 - starting CreateFolderItem for RTL 4,5&7
20080615 13:26:43 - DEBUG    - chn_rtl.py       - 126 - starting CreateFolderItem for RTL 4,5&7
20080615 13:26:43 - DEBUG    - guicontroller.py - 46  - DisplayPageNavigation starting
20080615 13:26:43 - DEBUG    - guicontroller.py - 69  - DisplayFolderList needs to display 12 items. 
20080615 13:26:43 - DEBUG    - guicontroller.py - 69  - + Focussed is on item 0
20080615 13:26:43 - INFO     - guicontroller.py - 119 - All items where shown. Now fetching focussed item info for item number 0
20080615 13:26:43 - DEBUG    - guicontroller.py - 127 - Fetching info for 'A1 GP'. Setting:
20080615 13:26:43 - DEBUG    - guicontroller.py - 127 - | Description: RTL GP 
20080615 13:26:43 - DEBUG    - guicontroller.py - 127 - | A1 GP 
20080615 13:26:43 - DEBUG    - guicontroller.py - 127 - + Image: Q:\scripts\XOT-Uzg.v3\channels\rtl\rtlimage.png
20080615 13:26:43 - DEBUG    - guicontroller.py - 146 - Showing rating: None
20080615 13:26:43 - DEBUG    - chn_class.py     - 208 - RTL 4,5&7 Gui has been initialised for the first time
20080615 13:26:46 - DEBUG    - chn_class.py     - 233 - onAction (with buttonid=167 and id=4) detected (ThrdID=416)
20080615 13:26:46 - DEBUG    - chn_class.py     - 238 - Cancelling and starting onKeyUpDown timer
20080615 13:26:46 - DEBUG    - chn_class.py     - 233 - onAction (with buttonid=167 and id=4) detected (ThrdID=416)
20080615 13:26:46 - DEBUG    - chn_class.py     - 238 - Cancelling and starting onKeyUpDown timer
20080615 13:26:46 - DEBUG    - chn_class.py     - 233 - onAction (with buttonid=167 and id=4) detected (ThrdID=416)
20080615 13:26:46 - DEBUG    - chn_class.py     - 238 - Cancelling and starting onKeyUpDown timer
20080615 13:26:46 - DEBUG    - chn_class.py     - 233 - onAction (with buttonid=167 and id=4) detected (ThrdID=416)
20080615 13:26:47 - DEBUG    - chn_class.py     - 238 - Cancelling and starting onKeyUpDown timer
20080615 13:26:47 - DEBUG    - chn_class.py     - 233 - onAction (with buttonid=167 and id=4) detected (ThrdID=416)
20080615 13:26:47 - DEBUG    - chn_class.py     - 238 - Cancelling and starting onKeyUpDown timer
20080615 13:26:47 - DEBUG    - chn_class.py     - 233 - onAction (with buttonid=167 and id=4) detected (ThrdID=416)
20080615 13:26:47 - DEBUG    - chn_class.py     - 238 - Cancelling and starting onKeyUpDown timer
20080615 13:26:48 - DEBUG    - chn_class.py     - 406 - OnKeyUp/KeyDown Detected
20080615 13:26:48 - DEBUG    - chn_class.py     - 415 - No OnKeyUp/KeyDown for a complete item
20080615 13:26:48 - DEBUG    - guicontroller.py - 127 - Fetching info for 'Laatste video's'. Setting:
20080615 13:26:48 - DEBUG    - guicontroller.py - 127 - | Description: RTL GP 
20080615 13:26:48 - DEBUG    - guicontroller.py - 127 - | Laatste video's 
20080615 13:26:48 - DEBUG    - guicontroller.py - 127 - + Image: Q:\scripts\XOT-Uzg.v3\channels\rtl\rtlimage.png
20080615 13:26:48 - DEBUG    - guicontroller.py - 146 - Showing rating: None
20080615 13:26:48 - DEBUG    - chn_class.py     - 307 - OnClick detected on controlID = 50
20080615 13:26:48 - DEBUG    - chn_class.py     - 233 - onAction (with buttonid=11 and id=7) detected (ThrdID=416)
20080615 13:26:48 - DEBUG    - chn_class.py     - 311 - Trying to determine what to do with the onClick
20080615 13:26:48 - DEBUG    - chn_class.py     - 332 - OnClick detected on EPList
20080615 13:26:48 - DEBUG    - chn_class.py     - 356 - Detected Folder or Page
20080615 13:26:48 - DEBUG    - chn_class.py     - 356 - + Appending current selected position (6) to history.
20080615 13:26:48 - DEBUG    - guicontroller.py - 127 - Fetching info for 'root'. Setting:
20080615 13:26:48 - DEBUG    - guicontroller.py - 127 - | Description: 
20080615 13:26:48 - DEBUG    - guicontroller.py - 127 - + Image: Q:\scripts\XOT-Uzg.v3\channels\rtl\rtlimage.png
20080615 13:26:48 - DEBUG    - guicontroller.py - 146 - Showing rating: None
20080615 13:26:48 - INFO     - uriopener.py     - 152 - Opening requested uri Async: http://www.rtl.nl/(vm/sport/rtl_gp/rtlgp/video/laatstevideo/)/system/video/menu/sport/rtl_gp/rtlgp/video/laatstevideo/videomenu.xml (already 1 threads)
20080615 13:26:48 - INFO     - uriopener.py     - 415 - Determining which Progessbar to use....
20080615 13:26:48 - INFO     - uriopener.py     - 420 - FileSize is known (fileSize=3589)
20080615 13:26:48 - INFO     - uriopener.py     - 198 - Url http://www.rtl.nl/(vm/sport/rtl_gp/rtlgp/video/laatstevideo/)/system/video/menu/sport/rtl_gp/rtlgp/video/laatstevideo/videomenu.xml was opened successfully
20080615 13:26:48 - DEBUG    - chn_rtl.py       - 143 - starting FormatVideoItem for RTL 4,5&7
20080615 13:26:48 - DEBUG    - chn_rtl.py       - 143 - starting FormatVideoItem for RTL 4,5&7
20080615 13:26:48 - DEBUG    - chn_rtl.py       - 143 - starting FormatVideoItem for RTL 4,5&7
20080615 13:26:48 - DEBUG    - chn_rtl.py       - 143 - starting FormatVideoItem for RTL 4,5&7
20080615 13:26:48 - DEBUG    - chn_rtl.py       - 143 - starting FormatVideoItem for RTL 4,5&7
20080615 13:26:48 - DEBUG    - chn_rtl.py       - 143 - starting FormatVideoItem for RTL 4,5&7
20080615 13:26:48 - DEBUG    - chn_rtl.py       - 143 - starting FormatVideoItem for RTL 4,5&7
20080615 13:26:48 - DEBUG    - chn_rtl.py       - 143 - starting FormatVideoItem for RTL 4,5&7
20080615 13:26:48 - DEBUG    - chn_rtl.py       - 143 - starting FormatVideoItem for RTL 4,5&7
20080615 13:26:48 - DEBUG    - chn_rtl.py       - 143 - starting FormatVideoItem for RTL 4,5&7
20080615 13:26:48 - DEBUG    - guicontroller.py - 46  - DisplayPageNavigation starting
20080615 13:26:48 - DEBUG    - guicontroller.py - 69  - DisplayFolderList needs to display 10 items. 
20080615 13:26:48 - DEBUG    - guicontroller.py - 69  - + Focussed is on item 0
20080615 13:26:48 - DEBUG    - chn_rtl.py       - 163 - starting UpdateVideoItem for Kwalificatie Brno (RTL 4,5&7)
20080615 13:26:48 - INFO     - uriopener.py     - 152 - Opening requested uri Async: http://www.rtl.nl/(vm/sport/rtl_gp/rtlgp/)/components/sport/grandprix/miMedia/2008/week24/za_wtcc_kwa_brno08.avi_plain.xml (already 1 threads)
20080615 13:26:49 - INFO     - uriopener.py     - 415 - Determining which Progessbar to use....
20080615 13:26:49 - INFO     - uriopener.py     - 420 - FileSize is known (fileSize=713)
20080615 13:26:49 - INFO     - uriopener.py     - 198 - Url http://www.rtl.nl/(vm/sport/rtl_gp/rtlgp/)/components/sport/grandprix/miMedia/2008/week24/za_wtcc_kwa_brno08.avi_plain.xml was opened successfully
20080615 13:26:49 - DEBUG    - chn_rtl.py       - 168 - Possible Matches: [('http://av.rtl.nl/web/components/sport/grandprix/2008/week24/za_wtcc_kwa_brno08.avi.MiMedia_WM_1500K_V9_av_an_t4b4l4r4_712x400.wmv', '1537'), ('http://av.rtl.nl/web/components/sport/grandprix/2008/week24/za_wtcc_kwa_brno08.avi.MiMedia_WM_800K_V9_av_an_t4b4l4r4_480x272.wmv', '796')]
20080615 13:26:49 - DEBUG    - chn_rtl.py       - 177 - Sorted Matches: ['http://av.rtl.nl/web/components/sport/grandprix/2008/week24/za_wtcc_kwa_brno08.avi.MiMedia_WM_1500K_V9_av_an_t4b4l4r4_712x400.wmv', 'http://av.rtl.nl/web/components/sport/grandprix/2008/week24/za_wtcc_kwa_brno08.avi.MiMedia_WM_800K_V9_av_an_t4b4l4r4_480x272.wmv']
20080615 13:26:49 - INFO     - chn_rtl.py       - 180 - finishing UpdateVideoItem. Media url = ['http://av.rtl.nl/web/components/sport/grandprix/2008/week24/za_wtcc_kwa_brno08.avi.MiMedia_WM_1500K_V9_av_an_t4b4l4r4_712x400.wmv', 'http://av.rtl.nl/web/components/sport/grandprix/2008/week24/za_wtcc_kwa_brno08.avi.MiMedia_WM_800K_V9_av_an_t4b4l4r4_480x272.wmv']
20080615 13:26:49 - DEBUG    - chn_class.py     - 952 - Going to cache http://www.rtl.nl/components/sport/grandprix/miMedia/2008/week24/za_wtcc_kwa_brno08.avi_plain.jpg
20080615 13:26:49 - DEBUG    - chn_class.py     - 960 - Caching url=http://www.rtl.nl/components/sport/grandprix/miMedia/2008/week24/za_wtcc_kwa_brno08.avi_plain.jpg
20080615 13:26:49 - INFO     - guicontroller.py - 112 - Updating item (GUIDs match)
20080615 13:26:49 - INFO     - guicontroller.py - 119 - All items where shown. Now fetching focussed item info for item number 0
20080615 13:26:49 - DEBUG    - guicontroller.py - 127 - Fetching info for 'Kwalificatie Brno'. Setting:
20080615 13:26:49 - DEBUG    - guicontroller.py - 127 - | Description: RTL GP 
20080615 13:26:49 - DEBUG    - guicontroller.py - 127 - | Laatste video's 
20080615 13:26:49 - DEBUG    - guicontroller.py - 127 - | Kwalificatie Brno
20080615 13:26:49 - DEBUG    - guicontroller.py - 127 - + Image: Q:\scripts\XOT-Uzg.v3\cache\za_wtcc_kwa_brno08.avi_plain.jpg
20080615 13:26:49 - DEBUG    - guicontroller.py - 146 - Showing rating: None
20080615 13:26:55 - DEBUG    - chn_class.py     - 233 - onAction (with buttonid=247 and id=10) detected (ThrdID=416)
20080615 13:26:55 - DEBUG    - chn_class.py     - 252 - Removing items from historystack
20080615 13:26:55 - DEBUG    - guicontroller.py - 69  - DisplayFolderList needs to display 12 items. 
20080615 13:26:55 - DEBUG    - guicontroller.py - 69  - + Focussed is on item 6
20080615 13:26:55 - INFO     - guicontroller.py - 119 - All items where shown. Now fetching focussed item info for item number 6
20080615 13:26:55 - DEBUG    - guicontroller.py - 127 - Fetching info for 'Laatste video's'. Setting:
20080615 13:26:55 - DEBUG    - guicontroller.py - 127 - | Description: RTL GP 
20080615 13:26:55 - DEBUG    - guicontroller.py - 127 - | Laatste video's 
20080615 13:26:55 - DEBUG    - guicontroller.py - 127 - + Image: Q:\scripts\XOT-Uzg.v3\channels\rtl\rtlimage.png
20080615 13:26:55 - DEBUG    - guicontroller.py - 146 - Showing rating: None
20080615 13:26:55 - DEBUG    - guicontroller.py - 46  - DisplayPageNavigation starting
20080615 13:26:56 - DEBUG    - chn_class.py     - 233 - onAction (with buttonid=247 and id=10) detected (ThrdID=416)
20080615 13:26:56 - DEBUG    - chn_class.py     - 252 - Removing items from historystack
20080615 13:26:56 - DEBUG    - progwindow.py    - 245 - onFocus :: Control 51 has focus now
20080615 13:26:56 - DEBUG    - progwindow.py    - 245 - onFocus :: Control 60 has focus now
20080615 13:26:57 - DEBUG    - progwindow.py    - 117 - Resetting self.click
20080615 13:26:57 - DEBUG    - progwindow.py    - 128 - Going back a level
20080615 13:26:57 - DEBUG    - progwindow.py    - 245 - onFocus :: Control 1051 has focus now
20080615 13:26:58 - DEBUG    - progwindow.py    - 230 - onClick ControlID=51
20080615 13:26:58 - DEBUG    - progwindow.py    - 117 - Resetting self.click
20080615 13:26:58 - DEBUG    - progwindow.py    - 128 - Going back a level
